0 info it worked if it ends with ok
1 verbose cli [ 'node', '/usr/local/bin/npm', 'version', 'patch' ]
2 info using npm@2.11.3
3 info using node@v0.12.0
4 verbose node symlink /usr/local/bin/node
5 info preversion generator-meteor-app@1.0.1
6 info git [ 'status', '--porcelain' ]
7 verbose stack Error: Error: Git working directory not clean.
7 verbose stack M app/index.js
7 verbose stack     at /usr/local/lib/node_modules/npm/lib/version.js:71:23
7 verbose stack     at /usr/local/lib/node_modules/npm/lib/version.js:151:34
7 verbose stack     at ChildProcess.exithandler (child_process.js:735:7)
7 verbose stack     at ChildProcess.emit (events.js:110:17)
7 verbose stack     at maybeClose (child_process.js:1008:16)
7 verbose stack     at Process.ChildProcess._handle.onexit (child_process.js:1080:5)
8 verbose cwd /Users/pcooney10/Desktop/generator-meteor-app
9 error Darwin 14.4.0
10 error argv "node" "/usr/local/bin/npm" "version" "patch"
11 error node v0.12.0
12 error npm  v2.11.3
13 error Error: Git working directory not clean.
13 error M app/index.js
14 error If you need help, you may report this error at:
14 error     <https://github.com/npm/npm/issues>
15 verbose exit [ 1, true ]
